<?xml version="1.0" encoding="UTF-8"?>
<testng-results ignored="0" total="1" passed="1" failed="0" skipped="0">
  <reporter-output>
  </reporter-output>
  <suite started-at="2023-08-23T15:34:29 IST" name="Default suite" finished-at="2023-08-23T15:34:30 IST" duration-ms="372">
    <groups>
    </groups>
    <test started-at="2023-08-23T15:34:29 IST" name="Default test" finished-at="2023-08-23T15:34:30 IST" duration-ms="372">
      <class name="Serialization.Deserial">
        <test-method signature="get()[pri:0, instance:Serialization.Deserial@47eaca72]" started-at="2023-08-23T15:34:29 IST" name="get" finished-at="2023-08-23T15:34:30 IST" duration-ms="322" status="PASS">
          <reporter-output>
          </reporter-output>
        </test-method> <!-- get -->
      </class> <!-- Serialization.Deserial -->
    </test> <!-- Default test -->
  </suite> <!-- Default suite -->
</testng-results>
